2022-08-07 15:18:54,150 INFO notifyConnectTimeout:200

2022-08-07 15:18:54,150 INFO notifySocketTimeout:8000

2022-08-07 15:18:54,151 INFO isHealthCheck:true

2022-08-07 15:18:54,151 INFO maxHealthCheckFailCount:12

2022-08-07 15:18:54,151 INFO maxContent:10485760

2022-08-07 15:18:55,009 INFO Schema 'NACOS' already exists.

2022-08-07 15:18:55,069 INFO Table/View 'CONFIG_INFO' already exists in Schema 'NACOS'.

2022-08-07 15:18:55,213 INFO Table/View 'HIS_CONFIG_INFO' already exists in Schema 'NACOS'.

2022-08-07 15:18:55,304 INFO Table/View 'CONFIG_INFO_BETA' already exists in Schema 'NACOS'.

2022-08-07 15:18:55,317 INFO Table/View 'CONFIG_INFO_TAG' already exists in Schema 'NACOS'.

2022-08-07 15:18:55,331 INFO Table/View 'CONFIG_INFO_AGGR' already exists in Schema 'NACOS'.

2022-08-07 15:18:55,348 INFO Table/View 'APP_LIST' already exists in Schema 'NACOS'.

2022-08-07 15:18:55,359 INFO Table/View 'APP_CONFIGDATA_RELATION_SUBS' already exists in Schema 'NACOS'.

2022-08-07 15:18:55,371 INFO Table/View 'APP_CONFIGDATA_RELATION_PUBS' already exists in Schema 'NACOS'.

2022-08-07 15:18:55,386 INFO Table/View 'CONFIG_TAGS_RELATION' already exists in Schema 'NACOS'.

2022-08-07 15:18:55,421 INFO Table/View 'GROUP_CAPACITY' already exists in Schema 'NACOS'.

2022-08-07 15:18:55,442 INFO Table/View 'TENANT_CAPACITY' already exists in Schema 'NACOS'.

2022-08-07 15:18:55,463 INFO Table/View 'TENANT_INFO' already exists in Schema 'NACOS'.

2022-08-07 15:18:55,488 INFO Table/View 'USERS' already exists in Schema 'NACOS'.

2022-08-07 15:18:55,508 INFO Table/View 'ROLES' already exists in Schema 'NACOS'.

2022-08-07 15:18:55,693 INFO The statement was aborted because it would have caused a duplicate key value in a unique or primary key constraint or unique index identified by 'SQL220724215943590' defined on 'USERS'.

2022-08-07 15:18:56,449 INFO ServerListService address-server port:8848

2022-08-07 15:18:56,449 INFO ADDRESS_SERVER_URL:http://jmenv.tbsite.net:8080/nacos/serverlist

2022-08-07 15:18:56,450 WARN [serverlist] updated to [192.168.106.1]

2022-08-07 15:18:56,607 WARN DumpService start

2022-08-07 15:18:56,616 INFO start clear all config-info.

2022-08-07 15:18:56,665 WARN clear all config-info failed.

2022-08-07 15:18:56,665 WARN clear all config-info-tenant failed.

2022-08-07 15:18:57,034 INFO [all-dump] 24 / 24

2022-08-07 15:18:57,034 INFO start clear all config-info-beta.

2022-08-07 15:18:57,034 WARN clear all config-info-beta failed.

2022-08-07 15:18:57,034 WARN clear all config-info-beta-tenant failed.

2022-08-07 15:18:57,073 INFO start clear all config-info-tag.

2022-08-07 15:18:57,073 WARN clear all config-info-tag failed.

2022-08-07 15:18:57,073 WARN clear all config-info-tag-tenant failed.

